2020-04-05 18:11:50.413  INFO 7672 --- [restartedMain] com.lgh.blog.LghBlogApplication          : Starting LghBlogApplication on DESKTOP-NO3AVTJ with PID 7672 (F:\IdeaProjects\lgh-blog\target\classes started by LGH in F:\IdeaProjects\lgh-blog)
2020-04-05 18:11:50.421 DEBUG 7672 --- [restartedMain] com.lgh.blog.LghBlogApplication          : Running with Spring Boot v2.2.5.RELEASE, Spring v5.2.4.RELEASE
2020-04-05 18:11:50.422  INFO 7672 --- [restartedMain] com.lgh.blog.LghBlogApplication          : No active profile set, falling back to default profiles: default
2020-04-05 18:11:50.535  INFO 7672 --- [restartedMain] .e.DevToolsPropertyDefaultsPostProcessor : Devtools property defaults active! Set 'spring.devtools.add-properties' to 'false' to disable
2020-04-05 18:11:50.536  INFO 7672 --- [restartedMain] .e.DevToolsPropertyDefaultsPostProcessor : For additional web related logging consider setting the 'logging.level.web' property to 'DEBUG'
2020-04-05 18:11:52.957  INFO 7672 --- [restartedMain] o.s.b.w.embedded.tomcat.TomcatWebServer  : Tomcat initialized with port(s): 6666 (http)
2020-04-05 18:11:52.970  INFO 7672 --- [restartedMain] o.apache.catalina.core.StandardService   : Starting service [Tomcat]
2020-04-05 18:11:52.970  INFO 7672 --- [restartedMain] org.apache.catalina.core.StandardEngine  : Starting Servlet engine: [Apache Tomcat/9.0.31]
2020-04-05 18:11:53.352  INFO 7672 --- [restartedMain] o.a.c.c.C.[Tomcat].[localhost].[/]       : Initializing Spring embedded WebApplicationContext
2020-04-05 18:11:53.352  INFO 7672 --- [restartedMain] o.s.web.context.ContextLoader            : Root WebApplicationContext: initialization completed in 2815 ms
2020-04-05 18:11:54.114  INFO 7672 --- [restartedMain] o.s.s.concurrent.ThreadPoolTaskExecutor  : Initializing ExecutorService 'applicationTaskExecutor'
2020-04-05 18:11:54.280  WARN 7672 --- [restartedMain] ion$DefaultTemplateResolverConfiguration : Cannot find template location: classpath:/templates/ (please add some templates or check your Thymeleaf configuration)
2020-04-05 18:11:54.386  WARN 7672 --- [restartedMain] o.s.b.d.a.OptionalLiveReloadServer       : Unable to start LiveReload server
2020-04-05 18:11:54.445  INFO 7672 --- [restartedMain] o.s.b.w.embedded.tomcat.TomcatWebServer  : Tomcat started on port(s): 6666 (http) with context path ''
2020-04-05 18:11:54.448  INFO 7672 --- [restartedMain] com.lgh.blog.LghBlogApplication          : Started LghBlogApplication in 5.121 seconds (JVM running for 8.14)
2020-04-05 18:12:10.060  INFO 7672 --- [http-nio-6666-exec-1] o.a.c.c.C.[Tomcat].[localhost].[/]       : Initializing Spring DispatcherServlet 'dispatcherServlet'
2020-04-05 18:12:10.062  INFO 7672 --- [http-nio-6666-exec-1] o.s.web.servlet.DispatcherServlet        : Initializing Servlet 'dispatcherServlet'
2020-04-05 18:12:10.077  INFO 7672 --- [http-nio-6666-exec-1] o.s.web.servlet.DispatcherServlet        : Completed initialization in 15 ms
2020-04-05 18:12:10.178  INFO 7672 --- [http-nio-6666-exec-1] com.alibaba.druid.pool.DruidDataSource   : {dataSource-1} inited
2020-04-05 18:12:12.518 DEBUG 7672 --- [http-nio-6666-exec-1] c.l.blog.mapper.TestMapper.getTestById   : ==>  Preparing: SELECT * FROM test WHERE id = ? 
2020-04-05 18:12:12.541 DEBUG 7672 --- [http-nio-6666-exec-1] c.l.blog.mapper.TestMapper.getTestById   : ==> Parameters: 1(Integer)
2020-04-05 18:12:12.600 DEBUG 7672 --- [http-nio-6666-exec-1] c.l.blog.mapper.TestMapper.getTestById   : <==      Total: 1
2020-04-05 18:25:14.292  INFO 408 --- [restartedMain] com.lgh.blog.LghBlogApplication          : Starting LghBlogApplication on DESKTOP-NO3AVTJ with PID 408 (F:\IdeaProjects\lgh-blog\target\classes started by LGH in F:\IdeaProjects\lgh-blog)
2020-04-05 18:25:14.297 DEBUG 408 --- [restartedMain] com.lgh.blog.LghBlogApplication          : Running with Spring Boot v2.2.5.RELEASE, Spring v5.2.4.RELEASE
2020-04-05 18:25:14.298  INFO 408 --- [restartedMain] com.lgh.blog.LghBlogApplication          : No active profile set, falling back to default profiles: default
2020-04-05 18:25:14.408  INFO 408 --- [restartedMain] .e.DevToolsPropertyDefaultsPostProcessor : Devtools property defaults active! Set 'spring.devtools.add-properties' to 'false' to disable
2020-04-05 18:25:14.409  INFO 408 --- [restartedMain] .e.DevToolsPropertyDefaultsPostProcessor : For additional web related logging consider setting the 'logging.level.web' property to 'DEBUG'
2020-04-05 18:25:16.319  INFO 408 --- [restartedMain] o.s.b.w.embedded.tomcat.TomcatWebServer  : Tomcat initialized with port(s): 6666 (http)
2020-04-05 18:25:16.330  INFO 408 --- [restartedMain] o.apache.catalina.core.StandardService   : Starting service [Tomcat]
2020-04-05 18:25:16.331  INFO 408 --- [restartedMain] org.apache.catalina.core.StandardEngine  : Starting Servlet engine: [Apache Tomcat/9.0.31]
2020-04-05 18:25:16.471  INFO 408 --- [restartedMain] o.a.c.c.C.[Tomcat].[localhost].[/]       : Initializing Spring embedded WebApplicationContext
2020-04-05 18:25:16.471  INFO 408 --- [restartedMain] o.s.web.context.ContextLoader            : Root WebApplicationContext: initialization completed in 2062 ms
2020-04-05 18:25:17.418  INFO 408 --- [restartedMain] o.s.s.concurrent.ThreadPoolTaskExecutor  : Initializing ExecutorService 'applicationTaskExecutor'
2020-04-05 18:25:17.632  WARN 408 --- [restartedMain] ion$DefaultTemplateResolverConfiguration : Cannot find template location: classpath:/templates/ (please add some templates or check your Thymeleaf configuration)
2020-04-05 18:25:17.805  INFO 408 --- [restartedMain] o.s.b.d.a.OptionalLiveReloadServer       : LiveReload server is running on port 35729
2020-04-05 18:25:17.890  INFO 408 --- [restartedMain] o.s.b.w.embedded.tomcat.TomcatWebServer  : Tomcat started on port(s): 6666 (http) with context path ''
2020-04-05 18:25:17.894  INFO 408 --- [restartedMain] com.lgh.blog.LghBlogApplication          : Started LghBlogApplication in 4.63 seconds (JVM running for 7.452)
2020-04-05 18:25:49.691  INFO 13036 --- [restartedMain] com.lgh.blog.LghBlogApplication          : Starting LghBlogApplication on DESKTOP-NO3AVTJ with PID 13036 (F:\IdeaProjects\lgh-blog\target\classes started by LGH in F:\IdeaProjects\lgh-blog)
2020-04-05 18:25:49.701 DEBUG 13036 --- [restartedMain] com.lgh.blog.LghBlogApplication          : Running with Spring Boot v2.2.5.RELEASE, Spring v5.2.4.RELEASE
2020-04-05 18:25:49.702  INFO 13036 --- [restartedMain] com.lgh.blog.LghBlogApplication          : No active profile set, falling back to default profiles: default
2020-04-05 18:25:49.849  INFO 13036 --- [restartedMain] .e.DevToolsPropertyDefaultsPostProcessor : Devtools property defaults active! Set 'spring.devtools.add-properties' to 'false' to disable
2020-04-05 18:25:49.850  INFO 13036 --- [restartedMain] .e.DevToolsPropertyDefaultsPostProcessor : For additional web related logging consider setting the 'logging.level.web' property to 'DEBUG'
2020-04-05 18:25:51.680  INFO 13036 --- [restartedMain] o.s.b.w.embedded.tomcat.TomcatWebServer  : Tomcat initialized with port(s): 6666 (http)
2020-04-05 18:25:51.695  INFO 13036 --- [restartedMain] o.apache.catalina.core.StandardService   : Starting service [Tomcat]
2020-04-05 18:25:51.696  INFO 13036 --- [restartedMain] org.apache.catalina.core.StandardEngine  : Starting Servlet engine: [Apache Tomcat/9.0.31]
2020-04-05 18:25:51.912  INFO 13036 --- [restartedMain] o.a.c.c.C.[Tomcat].[localhost].[/]       : Initializing Spring embedded WebApplicationContext
2020-04-05 18:25:51.914  INFO 13036 --- [restartedMain] o.s.web.context.ContextLoader            : Root WebApplicationContext: initialization completed in 2064 ms
2020-04-05 18:25:52.877  INFO 13036 --- [restartedMain] o.s.s.concurrent.ThreadPoolTaskExecutor  : Initializing ExecutorService 'applicationTaskExecutor'
2020-04-05 18:25:53.080  WARN 13036 --- [restartedMain] ion$DefaultTemplateResolverConfiguration : Cannot find template location: classpath:/templates/ (please add some templates or check your Thymeleaf configuration)
2020-04-05 18:25:53.272  INFO 13036 --- [restartedMain] o.s.b.d.a.OptionalLiveReloadServer       : LiveReload server is running on port 35729
2020-04-05 18:25:53.383  INFO 13036 --- [restartedMain] o.s.b.w.embedded.tomcat.TomcatWebServer  : Tomcat started on port(s): 6666 (http) with context path ''
2020-04-05 18:25:53.388  INFO 13036 --- [restartedMain] com.lgh.blog.LghBlogApplication          : Started LghBlogApplication in 4.547 seconds (JVM running for 6.972)
2020-04-05 18:26:23.563  INFO 13036 --- [http-nio-6666-exec-1] o.a.c.c.C.[Tomcat].[localhost].[/]       : Initializing Spring DispatcherServlet 'dispatcherServlet'
2020-04-05 18:26:23.564  INFO 13036 --- [http-nio-6666-exec-1] o.s.web.servlet.DispatcherServlet        : Initializing Servlet 'dispatcherServlet'
2020-04-05 18:26:23.577  INFO 13036 --- [http-nio-6666-exec-1] o.s.web.servlet.DispatcherServlet        : Completed initialization in 13 ms
2020-04-05 18:26:23.694  INFO 13036 --- [http-nio-6666-exec-1] com.alibaba.druid.pool.DruidDataSource   : {dataSource-1} inited
2020-04-05 18:26:25.955 DEBUG 13036 --- [http-nio-6666-exec-1] c.l.blog.mapper.TestMapper.getTestById   : ==>  Preparing: SELECT * FROM test WHERE id = ? 
2020-04-05 18:26:25.982 DEBUG 13036 --- [http-nio-6666-exec-1] c.l.blog.mapper.TestMapper.getTestById   : ==> Parameters: 1(Integer)
2020-04-05 18:26:26.042 DEBUG 13036 --- [http-nio-6666-exec-1] c.l.blog.mapper.TestMapper.getTestById   : <==      Total: 1
2020-04-05 18:26:29.667 DEBUG 13036 --- [http-nio-6666-exec-2] c.l.blog.mapper.TestMapper.getTestById   : ==>  Preparing: SELECT * FROM test WHERE id = ? 
2020-04-05 18:26:29.668 DEBUG 13036 --- [http-nio-6666-exec-2] c.l.blog.mapper.TestMapper.getTestById   : ==> Parameters: 2(Integer)
2020-04-05 18:26:29.703 DEBUG 13036 --- [http-nio-6666-exec-2] c.l.blog.mapper.TestMapper.getTestById   : <==      Total: 1
